0 info it worked if it ends with ok
1 verbose cli [ '/usr/local/bin/node',
1 verbose cli   '/usr/local/bin/npm',
1 verbose cli   'run',
1 verbose cli   'build:css' ]
2 info using npm@3.3.12
3 info using node@v5.4.1
4 verbose run-script [ 'prebuild:css', 'build:css', 'postbuild:css' ]
5 info lifecycle prueba@1.0.0~prebuild:css: prueba@1.0.0
6 silly lifecycle prueba@1.0.0~prebuild:css: no script for prebuild:css, continuing
7 info lifecycle prueba@1.0.0~build:css: prueba@1.0.0
8 verbose lifecycle prueba@1.0.0~build:css: unsafe-perm in lifecycle true
9 verbose lifecycle prueba@1.0.0~build:css: PATH: /usr/local/lib/node_modules/npm/bin/node-gyp-bin:/Users/jorgeatgu/Dropbox/github/gulp-postCSS/postcss-js-api/node_modules/.bin:/usr/local/heroku/bin:/usr/local/bin:/usr/bin:/bin:/usr/sbin:/sbin:/opt/X11/bin:/usr/local/git/bin:/Users/jorgeatgu/.rvm/bin
10 verbose lifecycle prueba@1.0.0~build:css: CWD: /Users/jorgeatgu/Dropbox/github/gulp-postCSS/postcss-js-api
11 silly lifecycle prueba@1.0.0~build:css: Args: [ '-c', 'index.js' ]
12 info lifecycle prueba@1.0.0~build:css: Failed to exec build:css script
13 verbose stack Error: prueba@1.0.0 build:css: `index.js`
13 verbose stack spawn ENOENT
13 verbose stack     at ChildProcess.<anonymous> (/usr/local/lib/node_modules/npm/lib/utils/spawn.js:17:16)
13 verbose stack     at emitTwo (events.js:87:13)
13 verbose stack     at ChildProcess.emit (events.js:172:7)
13 verbose stack     at maybeClose (internal/child_process.js:821:16)
13 verbose stack     at Process.ChildProcess._handle.onexit (internal/child_process.js:211:5)
14 verbose pkgid prueba@1.0.0
15 verbose cwd /Users/jorgeatgu/Dropbox/github/gulp-postCSS/postcss-js-api
16 error Darwin 15.3.0
17 error argv "/usr/local/bin/node" "/usr/local/bin/npm" "run" "build:css"
18 error node v5.4.1
19 error npm  v3.3.12
20 error file sh
21 error code ELIFECYCLE
22 error errno ENOENT
23 error syscall spawn
24 error prueba@1.0.0 build:css: `index.js`
24 error spawn ENOENT
25 error Failed at the prueba@1.0.0 build:css script 'index.js'.
25 error Make sure you have the latest version of node.js and npm installed.
25 error If you do, this is most likely a problem with the prueba package,
25 error not with npm itself.
25 error Tell the author that this fails on your system:
25 error     index.js
25 error You can get their info via:
25 error     npm owner ls prueba
25 error There is likely additional logging output above.
26 verbose exit [ 1, true ]
